<?xml version="1.0" encoding="UTF-8"?>
<!-- Generated by org.testng.reporters.JUnitReportReporter -->
<testsuite hostname="Santhoshs-Air" failures="0" tests="1" name="EmailDemo.EmailDemo.Demo" time="7.486" errors="0" timestamp="2023-05-12T12:39:52 IST" skipped="0">
  <testcase classname="EmailDemo.EmailDemo.Demo" name="login" time="7.486"/>
  <system-out/>
</testsuite> <!-- EmailDemo.EmailDemo.Demo -->
